2021-04-08 11:17:04,548 [main] ERROR [com.alibaba.druid.pool.DruidDataSource] - init datasource error
java.sql.SQLException: Io 异常: The Network Adapter could not establish the connection
	at oracle.jdbc.driver.DatabaseError.throwSqlException(DatabaseError.java:112)
	at oracle.jdbc.driver.DatabaseError.throwSqlException(DatabaseError.java:146)
	at oracle.jdbc.driver.DatabaseError.throwSqlException(DatabaseError.java:255)
	at oracle.jdbc.driver.T4CConnection.logon(T4CConnection.java:387)
	at oracle.jdbc.driver.PhysicalConnection.<init>(PhysicalConnection.java:420)
	at oracle.jdbc.driver.T4CConnection.<init>(T4CConnection.java:165)
	at oracle.jdbc.driver.T4CDriverExtension.getConnection(T4CDriverExtension.java:35)
	at oracle.jdbc.driver.OracleDriver.connect(OracleDriver.java:801)
	at com.alibaba.druid.filter.FilterChainImpl.connection_connect(FilterChainImpl.java:146)
	at com.alibaba.druid.filter.FilterAdapter.connection_connect(FilterAdapter.java:785)
	at com.alibaba.druid.filter.FilterEventAdapter.connection_connect(FilterEventAdapter.java:38)
	at com.alibaba.druid.filter.FilterChainImpl.connection_connect(FilterChainImpl.java:140)
	at com.alibaba.druid.pool.DruidAbstractDataSource.createPhysicalConnection(DruidAbstractDataSource.java:1358)
	at com.alibaba.druid.pool.DruidAbstractDataSource.createPhysicalConnection(DruidAbstractDataSource.java:1412)
	at com.alibaba.druid.pool.DruidDataSource.init(DruidDataSource.java:602)
	at com.alibaba.druid.pool.DruidDataSource.getConnection(DruidDataSource.java:876)
	at com.alibaba.druid.pool.DruidDataSource.getConnection(DruidDataSource.java:872)
	at com.alibaba.druid.pool.DruidDataSource.getConnection(DruidDataSource.java:97)
	at org.apache.ibatis.mapping.VendorDatabaseIdProvider.getDatabaseProductName(VendorDatabaseIdProvider.java:76)
	at org.apache.ibatis.mapping.VendorDatabaseIdProvider.getDatabaseName(VendorDatabaseIdProvider.java:61)
	at org.apache.ibatis.mapping.VendorDatabaseIdProvider.getDatabaseId(VendorDatabaseIdProvider.java:49)
	at org.mybatis.spring.SqlSessionFactoryBean.buildSqlSessionFactory(SqlSessionFactoryBean.java:445)
	at org.mybatis.spring.SqlSessionFactoryBean.afterPropertiesSet(SqlSessionFactoryBean.java:336)
	at org.springframework.beans.factory.support.AbstractAutowireCapableBeanFactory.invokeInitMethods(AbstractAutowireCapableBeanFactory.java:1547)
	at org.springframework.beans.factory.support.AbstractAutowireCapableBeanFactory.initializeBean(AbstractAutowireCapableBeanFactory.java:1485)
	at org.springframework.beans.factory.support.AbstractAutowireCapableBeanFactory.doCreateBean(AbstractAutowireCapableBeanFactory.java:524)
	at org.springframework.beans.factory.support.AbstractAutowireCapableBeanFactory.createBean(AbstractAutowireCapableBeanFactory.java:461)
	at org.springframework.beans.factory.support.AbstractBeanFactory$1.getObject(AbstractBeanFactory.java:295)
	at org.springframework.beans.factory.support.DefaultSingletonBeanRegistry.getSingleton(DefaultSingletonBeanRegistry.java:223)
	at org.springframework.beans.factory.support.AbstractBeanFactory.doGetBean(AbstractBeanFactory.java:292)
	at org.springframework.beans.factory.support.AbstractBeanFactory.getBean(AbstractBeanFactory.java:194)
	at org.springframework.beans.factory.support.BeanDefinitionValueResolver.resolveReference(BeanDefinitionValueResolver.java:323)
	at org.springframework.beans.factory.support.BeanDefinitionValueResolver.resolveValueIfNecessary(BeanDefinitionValueResolver.java:107)
	at org.springframework.beans.factory.support.AbstractAutowireCapableBeanFactory.applyPropertyValues(AbstractAutowireCapableBeanFactory.java:1393)
	at org.springframework.beans.factory.support.AbstractAutowireCapableBeanFactory.populateBean(AbstractAutowireCapableBeanFactory.java:1134)
	at org.springframework.beans.factory.support.AbstractAutowireCapableBeanFactory.doCreateBean(AbstractAutowireCapableBeanFactory.java:522)
	at org.springframework.beans.factory.support.AbstractAutowireCapableBeanFactory.createBean(AbstractAutowireCapableBeanFactory.java:461)
	at org.springframework.beans.factory.support.AbstractBeanFactory$1.getObject(AbstractBeanFactory.java:295)
	at org.springframework.beans.factory.support.DefaultSingletonBeanRegistry.getSingleton(DefaultSingletonBeanRegistry.java:223)
	at org.springframework.beans.factory.support.AbstractBeanFactory.doGetBean(AbstractBeanFactory.java:292)
	at org.springframework.beans.factory.support.AbstractBeanFactory.getTypeForFactoryBean(AbstractBeanFactory.java:1362)
	at org.springframework.beans.factory.support.AbstractAutowireCapableBeanFactory.getTypeForFactoryBean(AbstractAutowireCapableBeanFactory.java:726)
	at org.springframework.beans.factory.support.AbstractBeanFactory.isTypeMatch(AbstractBeanFactory.java:523)
	at org.springframework.beans.factory.support.DefaultListableBeanFactory.doGetBeanNamesForType(DefaultListableBeanFactory.java:357)
	at org.springframework.beans.factory.support.DefaultListableBeanFactory.getBeanNamesForType(DefaultListableBeanFactory.java:327)
	at org.springframework.beans.factory.BeanFactoryUtils.beanNamesForTypeIncludingAncestors(BeanFactoryUtils.java:187)
	at org.springframework.beans.factory.support.DefaultListableBeanFactory.findAutowireCandidates(DefaultListableBeanFactory.java:895)
	at org.springframework.beans.factory.support.DefaultListableBeanFactory.doResolveDependency(DefaultListableBeanFactory.java:853)
	at org.springframework.beans.factory.support.DefaultListableBeanFactory.resolveDependency(DefaultListableBeanFactory.java:768)
	at org.springframework.beans.factory.annotation.AutowiredAnnotationBeanPostProcessor$AutowiredFieldElement.inject(AutowiredAnnotationBeanPostProcessor.java:486)
	at org.springframework.beans.factory.annotation.InjectionMetadata.inject(InjectionMetadata.java:87)
	at org.springframework.beans.factory.annotation.AutowiredAnnotationBeanPostProcessor.postProcessPropertyValues(AutowiredAnnotationBeanPostProcessor.java:285)
	at org.springframework.beans.factory.support.AbstractAutowireCapableBeanFactory.populateBean(AbstractAutowireCapableBeanFactory.java:1122)
	at org.springframework.beans.factory.support.AbstractAutowireCapableBeanFactory.doCreateBean(AbstractAutowireCapableBeanFactory.java:522)
	at org.springframework.beans.factory.support.AbstractAutowireCapableBeanFactory.createBean(AbstractAutowireCapableBeanFactory.java:461)
	at org.springframework.beans.factory.support.AbstractBeanFactory$1.getObject(AbstractBeanFactory.java:295)
	at org.springframework.beans.factory.support.DefaultSingletonBeanRegistry.getSingleton(DefaultSingletonBeanRegistry.java:223)
	at org.springframework.beans.factory.support.AbstractBeanFactory.doGetBean(AbstractBeanFactory.java:292)
	at org.springframework.beans.factory.support.AbstractBeanFactory.getBean(AbstractBeanFactory.java:194)
	at org.springframework.beans.factory.support.AbstractBeanFactory.doGetBean(AbstractBeanFactory.java:285)
	at org.springframework.beans.factory.support.AbstractBeanFactory.getBean(AbstractBeanFactory.java:198)
	at org.springframework.context.support.AbstractApplicationContext.registerBeanPostProcessors(AbstractApplicationContext.java:753)
	at org.springframework.context.support.AbstractApplicationContext.refresh(AbstractApplicationContext.java:464)
	at org.springframework.web.context.ContextLoader.configureAndRefreshWebApplicationContext(ContextLoader.java:389)
	at org.springframework.web.context.ContextLoader.initWebApplicationContext(ContextLoader.java:294)
	at org.springframework.web.context.ContextLoaderListener.contextInitialized(ContextLoaderListener.java:112)
	at org.apache.catalina.core.StandardContext.listenerStart(StandardContext.java:4135)
	at org.apache.catalina.core.StandardContext.start(StandardContext.java:4630)
	at org.apache.catalina.core.ContainerBase.start(ContainerBase.java:1045)
	at org.apache.catalina.core.StandardHost.start(StandardHost.java:785)
	at org.apache.catalina.core.ContainerBase.start(ContainerBase.java:1045)
	at org.apache.catalina.core.StandardEngine.start(StandardEngine.java:445)
	at org.apache.catalina.startup.Embedded.start(Embedded.java:825)
	at org.codehaus.mojo.tomcat.AbstractRunMojo.startContainer(AbstractRunMojo.java:558)
	at org.codehaus.mojo.tomcat.AbstractRunMojo.execute(AbstractRunMojo.java:255)
	at org.apache.maven.plugin.DefaultBuildPluginManager.executeMojo(DefaultBuildPluginManager.java:101)
	at org.apache.maven.lifecycle.internal.MojoExecutor.execute(MojoExecutor.java:209)
	at org.apache.maven.lifecycle.internal.MojoExecutor.execute(MojoExecutor.java:153)
	at org.apache.maven.lifecycle.internal.MojoExecutor.execute(MojoExecutor.java:145)
	at org.apache.maven.lifecycle.internal.LifecycleModuleBuilder.buildProject(LifecycleModuleBuilder.java:84)
	at org.apache.maven.lifecycle.internal.LifecycleModuleBuilder.buildProject(LifecycleModuleBuilder.java:59)
	at org.apache.maven.lifecycle.internal.LifecycleStarter.singleThreadedBuild(LifecycleStarter.java:183)
	at org.apache.maven.lifecycle.internal.LifecycleStarter.execute(LifecycleStarter.java:161)
	at org.apache.maven.DefaultMaven.doExecute(DefaultMaven.java:320)
	at org.apache.maven.DefaultMaven.execute(DefaultMaven.java:156)
	at org.apache.maven.cli.MavenCli.execute(MavenCli.java:537)
	at org.apache.maven.cli.MavenCli.doMain(MavenCli.java:196)
	at org.apache.maven.cli.MavenCli.main(MavenCli.java:141)
	at sun.reflect.NativeMethodAccessorImpl.invoke0(Native Method)
	at sun.reflect.NativeMethodAccessorImpl.invoke(NativeMethodAccessorImpl.java:39)
	at sun.reflect.DelegatingMethodAccessorImpl.invoke(DelegatingMethodAccessorImpl.java:25)
	at java.lang.reflect.Method.invoke(Method.java:597)
	at org.codehaus.plexus.classworlds.launcher.Launcher.launchEnhanced(Launcher.java:290)
	at org.codehaus.plexus.classworlds.launcher.Launcher.launch(Launcher.java:230)
	at org.codehaus.plexus.classworlds.launcher.Launcher.mainWithExitCode(Launcher.java:409)
	at org.codehaus.plexus.classworlds.launcher.Launcher.main(Launcher.java:352)
2021-04-08 11:17:04,568 [main] ERROR [com.alibaba.druid.pool.DruidDataSource] - dataSource init error
java.sql.SQLException: Io 异常: The Network Adapter could not establish the connection
	at oracle.jdbc.driver.DatabaseError.throwSqlException(DatabaseError.java:112)
	at oracle.jdbc.driver.DatabaseError.throwSqlException(DatabaseError.java:146)
	at oracle.jdbc.driver.DatabaseError.throwSqlException(DatabaseError.java:255)
	at oracle.jdbc.driver.T4CConnection.logon(T4CConnection.java:387)
	at oracle.jdbc.driver.PhysicalConnection.<init>(PhysicalConnection.java:420)
	at oracle.jdbc.driver.T4CConnection.<init>(T4CConnection.java:165)
	at oracle.jdbc.driver.T4CDriverExtension.getConnection(T4CDriverExtension.java:35)
	at oracle.jdbc.driver.OracleDriver.connect(OracleDriver.java:801)
	at com.alibaba.druid.filter.FilterChainImpl.connection_connect(FilterChainImpl.java:146)
	at com.alibaba.druid.filter.FilterAdapter.connection_connect(FilterAdapter.java:785)
	at com.alibaba.druid.filter.FilterEventAdapter.connection_connect(FilterEventAdapter.java:38)
	at com.alibaba.druid.filter.FilterChainImpl.connection_connect(FilterChainImpl.java:140)
	at com.alibaba.druid.pool.DruidAbstractDataSource.createPhysicalConnection(DruidAbstractDataSource.java:1358)
	at com.alibaba.druid.pool.DruidAbstractDataSource.createPhysicalConnection(DruidAbstractDataSource.java:1412)
	at com.alibaba.druid.pool.DruidDataSource.init(DruidDataSource.java:602)
	at com.alibaba.druid.pool.DruidDataSource.getConnection(DruidDataSource.java:876)
	at com.alibaba.druid.pool.DruidDataSource.getConnection(DruidDataSource.java:872)
	at com.alibaba.druid.pool.DruidDataSource.getConnection(DruidDataSource.java:97)
	at org.apache.ibatis.mapping.VendorDatabaseIdProvider.getDatabaseProductName(VendorDatabaseIdProvider.java:76)
	at org.apache.ibatis.mapping.VendorDatabaseIdProvider.getDatabaseName(VendorDatabaseIdProvider.java:61)
	at org.apache.ibatis.mapping.VendorDatabaseIdProvider.getDatabaseId(VendorDatabaseIdProvider.java:49)
	at org.mybatis.spring.SqlSessionFactoryBean.buildSqlSessionFactory(SqlSessionFactoryBean.java:445)
	at org.mybatis.spring.SqlSessionFactoryBean.afterPropertiesSet(SqlSessionFactoryBean.java:336)
	at org.springframework.beans.factory.support.AbstractAutowireCapableBeanFactory.invokeInitMethods(AbstractAutowireCapableBeanFactory.java:1547)
	at org.springframework.beans.factory.support.AbstractAutowireCapableBeanFactory.initializeBean(AbstractAutowireCapableBeanFactory.java:1485)
	at org.springframework.beans.factory.support.AbstractAutowireCapableBeanFactory.doCreateBean(AbstractAutowireCapableBeanFactory.java:524)
	at org.springframework.beans.factory.support.AbstractAutowireCapableBeanFactory.createBean(AbstractAutowireCapableBeanFactory.java:461)
	at org.springframework.beans.factory.support.AbstractBeanFactory$1.getObject(AbstractBeanFactory.java:295)
	at org.springframework.beans.factory.support.DefaultSingletonBeanRegistry.getSingleton(DefaultSingletonBeanRegistry.java:223)
	at org.springframework.beans.factory.support.AbstractBeanFactory.doGetBean(AbstractBeanFactory.java:292)
	at org.springframework.beans.factory.support.AbstractBeanFactory.getBean(AbstractBeanFactory.java:194)
	at org.springframework.beans.factory.support.BeanDefinitionValueResolver.resolveReference(BeanDefinitionValueResolver.java:323)
	at org.springframework.beans.factory.support.BeanDefinitionValueResolver.resolveValueIfNecessary(BeanDefinitionValueResolver.java:107)
	at org.springframework.beans.factory.support.AbstractAutowireCapableBeanFactory.applyPropertyValues(AbstractAutowireCapableBeanFactory.java:1393)
	at org.springframework.beans.factory.support.AbstractAutowireCapableBeanFactory.populateBean(AbstractAutowireCapableBeanFactory.java:1134)
	at org.springframework.beans.factory.support.AbstractAutowireCapableBeanFactory.doCreateBean(AbstractAutowireCapableBeanFactory.java:522)
	at org.springframework.beans.factory.support.AbstractAutowireCapableBeanFactory.createBean(AbstractAutowireCapableBeanFactory.java:461)
	at org.springframework.beans.factory.support.AbstractBeanFactory$1.getObject(AbstractBeanFactory.java:295)
	at org.springframework.beans.factory.support.DefaultSingletonBeanRegistry.getSingleton(DefaultSingletonBeanRegistry.java:223)
	at org.springframework.beans.factory.support.AbstractBeanFactory.doGetBean(AbstractBeanFactory.java:292)
	at org.springframework.beans.factory.support.AbstractBeanFactory.getTypeForFactoryBean(AbstractBeanFactory.java:1362)
	at org.springframework.beans.factory.support.AbstractAutowireCapableBeanFactory.getTypeForFactoryBean(AbstractAutowireCapableBeanFactory.java:726)
	at org.springframework.beans.factory.support.AbstractBeanFactory.isTypeMatch(AbstractBeanFactory.java:523)
	at org.springframework.beans.factory.support.DefaultListableBeanFactory.doGetBeanNamesForType(DefaultListableBeanFactory.java:357)
	at org.springframework.beans.factory.support.DefaultListableBeanFactory.getBeanNamesForType(DefaultListableBeanFactory.java:327)
	at org.springframework.beans.factory.BeanFactoryUtils.beanNamesForTypeIncludingAncestors(BeanFactoryUtils.java:187)
	at org.springframework.beans.factory.support.DefaultListableBeanFactory.findAutowireCandidates(DefaultListableBeanFactory.java:895)
	at org.springframework.beans.factory.support.DefaultListableBeanFactory.doResolveDependency(DefaultListableBeanFactory.java:853)
	at org.springframework.beans.factory.support.DefaultListableBeanFactory.resolveDependency(DefaultListableBeanFactory.java:768)
	at org.springframework.beans.factory.annotation.AutowiredAnnotationBeanPostProcessor$AutowiredFieldElement.inject(AutowiredAnnotationBeanPostProcessor.java:486)
	at org.springframework.beans.factory.annotation.InjectionMetadata.inject(InjectionMetadata.java:87)
	at org.springframework.beans.factory.annotation.AutowiredAnnotationBeanPostProcessor.postProcessPropertyValues(AutowiredAnnotationBeanPostProcessor.java:285)
	at org.springframework.beans.factory.support.AbstractAutowireCapableBeanFactory.populateBean(AbstractAutowireCapableBeanFactory.java:1122)
	at org.springframework.beans.factory.support.AbstractAutowireCapableBeanFactory.doCreateBean(AbstractAutowireCapableBeanFactory.java:522)
	at org.springframework.beans.factory.support.AbstractAutowireCapableBeanFactory.createBean(AbstractAutowireCapableBeanFactory.java:461)
	at org.springframework.beans.factory.support.AbstractBeanFactory$1.getObject(AbstractBeanFactory.java:295)
	at org.springframework.beans.factory.support.DefaultSingletonBeanRegistry.getSingleton(DefaultSingletonBeanRegistry.java:223)
	at org.springframework.beans.factory.support.AbstractBeanFactory.doGetBean(AbstractBeanFactory.java:292)
	at org.springframework.beans.factory.support.AbstractBeanFactory.getBean(AbstractBeanFactory.java:194)
	at org.springframework.beans.factory.support.AbstractBeanFactory.doGetBean(AbstractBeanFactory.java:285)
	at org.springframework.beans.factory.support.AbstractBeanFactory.getBean(AbstractBeanFactory.java:198)
	at org.springframework.context.support.AbstractApplicationContext.registerBeanPostProcessors(AbstractApplicationContext.java:753)
	at org.springframework.context.support.AbstractApplicationContext.refresh(AbstractApplicationContext.java:464)
	at org.springframework.web.context.ContextLoader.configureAndRefreshWebApplicationContext(ContextLoader.java:389)
	at org.springframework.web.context.ContextLoader.initWebApplicationContext(ContextLoader.java:294)
	at org.springframework.web.context.ContextLoaderListener.contextInitialized(ContextLoaderListener.java:112)
	at org.apache.catalina.core.StandardContext.listenerStart(StandardContext.java:4135)
	at org.apache.catalina.core.StandardContext.start(StandardContext.java:4630)
	at org.apache.catalina.core.ContainerBase.start(ContainerBase.java:1045)
	at org.apache.catalina.core.StandardHost.start(StandardHost.java:785)
	at org.apache.catalina.core.ContainerBase.start(ContainerBase.java:1045)
	at org.apache.catalina.core.StandardEngine.start(StandardEngine.java:445)
	at org.apache.catalina.startup.Embedded.start(Embedded.java:825)
	at org.codehaus.mojo.tomcat.AbstractRunMojo.startContainer(AbstractRunMojo.java:558)
	at org.codehaus.mojo.tomcat.AbstractRunMojo.execute(AbstractRunMojo.java:255)
	at org.apache.maven.plugin.DefaultBuildPluginManager.executeMojo(DefaultBuildPluginManager.java:101)
	at org.apache.maven.lifecycle.internal.MojoExecutor.execute(MojoExecutor.java:209)
	at org.apache.maven.lifecycle.internal.MojoExecutor.execute(MojoExecutor.java:153)
	at org.apache.maven.lifecycle.internal.MojoExecutor.execute(MojoExecutor.java:145)
	at org.apache.maven.lifecycle.internal.LifecycleModuleBuilder.buildProject(LifecycleModuleBuilder.java:84)
	at org.apache.maven.lifecycle.internal.LifecycleModuleBuilder.buildProject(LifecycleModuleBuilder.java:59)
	at org.apache.maven.lifecycle.internal.LifecycleStarter.singleThreadedBuild(LifecycleStarter.java:183)
	at org.apache.maven.lifecycle.internal.LifecycleStarter.execute(LifecycleStarter.java:161)
	at org.apache.maven.DefaultMaven.doExecute(DefaultMaven.java:320)
	at org.apache.maven.DefaultMaven.execute(DefaultMaven.java:156)
	at org.apache.maven.cli.MavenCli.execute(MavenCli.java:537)
	at org.apache.maven.cli.MavenCli.doMain(MavenCli.java:196)
	at org.apache.maven.cli.MavenCli.main(MavenCli.java:141)
	at sun.reflect.NativeMethodAccessorImpl.invoke0(Native Method)
	at sun.reflect.NativeMethodAccessorImpl.invoke(NativeMethodAccessorImpl.java:39)
	at sun.reflect.DelegatingMethodAccessorImpl.invoke(DelegatingMethodAccessorImpl.java:25)
	at java.lang.reflect.Method.invoke(Method.java:597)
	at org.codehaus.plexus.classworlds.launcher.Launcher.launchEnhanced(Launcher.java:290)
	at org.codehaus.plexus.classworlds.launcher.Launcher.launch(Launcher.java:230)
	at org.codehaus.plexus.classworlds.launcher.Launcher.mainWithExitCode(Launcher.java:409)
	at org.codehaus.plexus.classworlds.launcher.Launcher.main(Launcher.java:352)
2021-04-08 11:17:04,569 [main] INFO  [com.alibaba.druid.pool.DruidDataSource] - {dataSource-1} inited
2021-04-08 11:17:04,796 [main] ERROR [com.alibaba.druid.pool.DruidDataSource] - invalid oracle validationQuery. SELECT 'x', may should be : SELECT 'x' FROM DUAL
2021-04-08 11:18:20,610 [main] ERROR [com.alibaba.druid.pool.DruidDataSource] - init datasource error
java.sql.SQLException: Io 异常: The Network Adapter could not establish the connection
	at oracle.jdbc.driver.DatabaseError.throwSqlException(DatabaseError.java:112)
	at oracle.jdbc.driver.DatabaseError.throwSqlException(DatabaseError.java:146)
	at oracle.jdbc.driver.DatabaseError.throwSqlException(DatabaseError.java:255)
	at oracle.jdbc.driver.T4CConnection.logon(T4CConnection.java:387)
	at oracle.jdbc.driver.PhysicalConnection.<init>(PhysicalConnection.java:420)
	at oracle.jdbc.driver.T4CConnection.<init>(T4CConnection.java:165)
	at oracle.jdbc.driver.T4CDriverExtension.getConnection(T4CDriverExtension.java:35)
	at oracle.jdbc.driver.OracleDriver.connect(OracleDriver.java:801)
	at com.alibaba.druid.filter.FilterChainImpl.connection_connect(FilterChainImpl.java:146)
	at com.alibaba.druid.filter.FilterAdapter.connection_connect(FilterAdapter.java:785)
	at com.alibaba.druid.filter.FilterEventAdapter.connection_connect(FilterEventAdapter.java:38)
	at com.alibaba.druid.filter.FilterChainImpl.connection_connect(FilterChainImpl.java:140)
	at com.alibaba.druid.pool.DruidAbstractDataSource.createPhysicalConnection(DruidAbstractDataSource.java:1358)
	at com.alibaba.druid.pool.DruidAbstractDataSource.createPhysicalConnection(DruidAbstractDataSource.java:1412)
	at com.alibaba.druid.pool.DruidDataSource.init(DruidDataSource.java:602)
	at com.alibaba.druid.pool.DruidDataSource.getConnection(DruidDataSource.java:876)
	at com.alibaba.druid.pool.DruidDataSource.getConnection(DruidDataSource.java:872)
	at com.alibaba.druid.pool.DruidDataSource.getConnection(DruidDataSource.java:97)
	at org.apache.ibatis.mapping.VendorDatabaseIdProvider.getDatabaseProductName(VendorDatabaseIdProvider.java:76)
	at org.apache.ibatis.mapping.VendorDatabaseIdProvider.getDatabaseName(VendorDatabaseIdProvider.java:61)
	at org.apache.ibatis.mapping.VendorDatabaseIdProvider.getDatabaseId(VendorDatabaseIdProvider.java:49)
	at org.mybatis.spring.SqlSessionFactoryBean.buildSqlSessionFactory(SqlSessionFactoryBean.java:445)
	at org.mybatis.spring.SqlSessionFactoryBean.afterPropertiesSet(SqlSessionFactoryBean.java:336)
	at org.springframework.beans.factory.support.AbstractAutowireCapableBeanFactory.invokeInitMethods(AbstractAutowireCapableBeanFactory.java:1547)
	at org.springframework.beans.factory.support.AbstractAutowireCapableBeanFactory.initializeBean(AbstractAutowireCapableBeanFactory.java:1485)
	at org.springframework.beans.factory.support.AbstractAutowireCapableBeanFactory.doCreateBean(AbstractAutowireCapableBeanFactory.java:524)
	at org.springframework.beans.factory.support.AbstractAutowireCapableBeanFactory.createBean(AbstractAutowireCapableBeanFactory.java:461)
	at org.springframework.beans.factory.support.AbstractBeanFactory$1.getObject(AbstractBeanFactory.java:295)
	at org.springframework.beans.factory.support.DefaultSingletonBeanRegistry.getSingleton(DefaultSingletonBeanRegistry.java:223)
	at org.springframework.beans.factory.support.AbstractBeanFactory.doGetBean(AbstractBeanFactory.java:292)
	at org.springframework.beans.factory.support.AbstractBeanFactory.getBean(AbstractBeanFactory.java:194)
	at org.springframework.beans.factory.support.BeanDefinitionValueResolver.resolveReference(BeanDefinitionValueResolver.java:323)
	at org.springframework.beans.factory.support.BeanDefinitionValueResolver.resolveValueIfNecessary(BeanDefinitionValueResolver.java:107)
	at org.springframework.beans.factory.support.AbstractAutowireCapableBeanFactory.applyPropertyValues(AbstractAutowireCapableBeanFactory.java:1393)
	at org.springframework.beans.factory.support.AbstractAutowireCapableBeanFactory.populateBean(AbstractAutowireCapableBeanFactory.java:1134)
	at org.springframework.beans.factory.support.AbstractAutowireCapableBeanFactory.doCreateBean(AbstractAutowireCapableBeanFactory.java:522)
	at org.springframework.beans.factory.support.AbstractAutowireCapableBeanFactory.createBean(AbstractAutowireCapableBeanFactory.java:461)
	at org.springframework.beans.factory.support.AbstractBeanFactory$1.getObject(AbstractBeanFactory.java:295)
	at org.springframework.beans.factory.support.DefaultSingletonBeanRegistry.getSingleton(DefaultSingletonBeanRegistry.java:223)
	at org.springframework.beans.factory.support.AbstractBeanFactory.doGetBean(AbstractBeanFactory.java:292)
	at org.springframework.beans.factory.support.AbstractBeanFactory.getTypeForFactoryBean(AbstractBeanFactory.java:1362)
	at org.springframework.beans.factory.support.AbstractAutowireCapableBeanFactory.getTypeForFactoryBean(AbstractAutowireCapableBeanFactory.java:726)
	at org.springframework.beans.factory.support.AbstractBeanFactory.isTypeMatch(AbstractBeanFactory.java:523)
	at org.springframework.beans.factory.support.DefaultListableBeanFactory.doGetBeanNamesForType(DefaultListableBeanFactory.java:357)
	at org.springframework.beans.factory.support.DefaultListableBeanFactory.getBeanNamesForType(DefaultListableBeanFactory.java:327)
	at org.springframework.beans.factory.BeanFactoryUtils.beanNamesForTypeIncludingAncestors(BeanFactoryUtils.java:187)
	at org.springframework.beans.factory.support.DefaultListableBeanFactory.findAutowireCandidates(DefaultListableBeanFactory.java:895)
	at org.springframework.beans.factory.support.DefaultListableBeanFactory.doResolveDependency(DefaultListableBeanFactory.java:853)
	at org.springframework.beans.factory.support.DefaultListableBeanFactory.resolveDependency(DefaultListableBeanFactory.java:768)
	at org.springframework.beans.factory.annotation.AutowiredAnnotationBeanPostProcessor$AutowiredFieldElement.inject(AutowiredAnnotationBeanPostProcessor.java:486)
	at org.springframework.beans.factory.annotation.InjectionMetadata.inject(InjectionMetadata.java:87)
	at org.springframework.beans.factory.annotation.AutowiredAnnotationBeanPostProcessor.postProcessPropertyValues(AutowiredAnnotationBeanPostProcessor.java:285)
	at org.springframework.beans.factory.support.AbstractAutowireCapableBeanFactory.populateBean(AbstractAutowireCapableBeanFactory.java:1122)
	at org.springframework.beans.factory.support.AbstractAutowireCapableBeanFactory.doCreateBean(AbstractAutowireCapableBeanFactory.java:522)
	at org.springframework.beans.factory.support.AbstractAutowireCapableBeanFactory.createBean(AbstractAutowireCapableBeanFactory.java:461)
	at org.springframework.beans.factory.support.AbstractBeanFactory$1.getObject(AbstractBeanFactory.java:295)
	at org.springframework.beans.factory.support.DefaultSingletonBeanRegistry.getSingleton(DefaultSingletonBeanRegistry.java:223)
	at org.springframework.beans.factory.support.AbstractBeanFactory.doGetBean(AbstractBeanFactory.java:292)
	at org.springframework.beans.factory.support.AbstractBeanFactory.getBean(AbstractBeanFactory.java:194)
	at org.springframework.beans.factory.support.AbstractBeanFactory.doGetBean(AbstractBeanFactory.java:285)
	at org.springframework.beans.factory.support.AbstractBeanFactory.getBean(AbstractBeanFactory.java:198)
	at org.springframework.context.support.AbstractApplicationContext.registerBeanPostProcessors(AbstractApplicationContext.java:753)
	at org.springframework.context.support.AbstractApplicationContext.refresh(AbstractApplicationContext.java:464)
	at org.springframework.web.context.ContextLoader.configureAndRefreshWebApplicationContext(ContextLoader.java:389)
	at org.springframework.web.context.ContextLoader.initWebApplicationContext(ContextLoader.java:294)
	at org.springframework.web.context.ContextLoaderListener.contextInitialized(ContextLoaderListener.java:112)
	at org.apache.catalina.core.StandardContext.listenerStart(StandardContext.java:4135)
	at org.apache.catalina.core.StandardContext.start(StandardContext.java:4630)
	at org.apache.catalina.core.ContainerBase.start(ContainerBase.java:1045)
	at org.apache.catalina.core.StandardHost.start(StandardHost.java:785)
	at org.apache.catalina.core.ContainerBase.start(ContainerBase.java:1045)
	at org.apache.catalina.core.StandardEngine.start(StandardEngine.java:445)
	at org.apache.catalina.startup.Embedded.start(Embedded.java:825)
	at org.codehaus.mojo.tomcat.AbstractRunMojo.startContainer(AbstractRunMojo.java:558)
	at org.codehaus.mojo.tomcat.AbstractRunMojo.execute(AbstractRunMojo.java:255)
	at org.apache.maven.plugin.DefaultBuildPluginManager.executeMojo(DefaultBuildPluginManager.java:101)
	at org.apache.maven.lifecycle.internal.MojoExecutor.execute(MojoExecutor.java:209)
	at org.apache.maven.lifecycle.internal.MojoExecutor.execute(MojoExecutor.java:153)
	at org.apache.maven.lifecycle.internal.MojoExecutor.execute(MojoExecutor.java:145)
	at org.apache.maven.lifecycle.internal.LifecycleModuleBuilder.buildProject(LifecycleModuleBuilder.java:84)
	at org.apache.maven.lifecycle.internal.LifecycleModuleBuilder.buildProject(LifecycleModuleBuilder.java:59)
	at org.apache.maven.lifecycle.internal.LifecycleStarter.singleThreadedBuild(LifecycleStarter.java:183)
	at org.apache.maven.lifecycle.internal.LifecycleStarter.execute(LifecycleStarter.java:161)
	at org.apache.maven.DefaultMaven.doExecute(DefaultMaven.java:320)
	at org.apache.maven.DefaultMaven.execute(DefaultMaven.java:156)
	at org.apache.maven.cli.MavenCli.execute(MavenCli.java:537)
	at org.apache.maven.cli.MavenCli.doMain(MavenCli.java:196)
	at org.apache.maven.cli.MavenCli.main(MavenCli.java:141)
	at sun.reflect.NativeMethodAccessorImpl.invoke0(Native Method)
	at sun.reflect.NativeMethodAccessorImpl.invoke(NativeMethodAccessorImpl.java:39)
	at sun.reflect.DelegatingMethodAccessorImpl.invoke(DelegatingMethodAccessorImpl.java:25)
	at java.lang.reflect.Method.invoke(Method.java:597)
	at org.codehaus.plexus.classworlds.launcher.Launcher.launchEnhanced(Launcher.java:290)
	at org.codehaus.plexus.classworlds.launcher.Launcher.launch(Launcher.java:230)
	at org.codehaus.plexus.classworlds.launcher.Launcher.mainWithExitCode(Launcher.java:409)
	at org.codehaus.plexus.classworlds.launcher.Launcher.main(Launcher.java:352)
2021-04-08 11:18:20,611 [main] ERROR [com.alibaba.druid.pool.DruidDataSource] - dataSource init error
java.sql.SQLException: Io 异常: The Network Adapter could not establish the connection
	at oracle.jdbc.driver.DatabaseError.throwSqlException(DatabaseError.java:112)
	at oracle.jdbc.driver.DatabaseError.throwSqlException(DatabaseError.java:146)
	at oracle.jdbc.driver.DatabaseError.throwSqlException(DatabaseError.java:255)
	at oracle.jdbc.driver.T4CConnection.logon(T4CConnection.java:387)
	at oracle.jdbc.driver.PhysicalConnection.<init>(PhysicalConnection.java:420)
	at oracle.jdbc.driver.T4CConnection.<init>(T4CConnection.java:165)
	at oracle.jdbc.driver.T4CDriverExtension.getConnection(T4CDriverExtension.java:35)
	at oracle.jdbc.driver.OracleDriver.connect(OracleDriver.java:801)
	at com.alibaba.druid.filter.FilterChainImpl.connection_connect(FilterChainImpl.java:146)
	at com.alibaba.druid.filter.FilterAdapter.connection_connect(FilterAdapter.java:785)
	at com.alibaba.druid.filter.FilterEventAdapter.connection_connect(FilterEventAdapter.java:38)
	at com.alibaba.druid.filter.FilterChainImpl.connection_connect(FilterChainImpl.java:140)
	at com.alibaba.druid.pool.DruidAbstractDataSource.createPhysicalConnection(DruidAbstractDataSource.java:1358)
	at com.alibaba.druid.pool.DruidAbstractDataSource.createPhysicalConnection(DruidAbstractDataSource.java:1412)
	at com.alibaba.druid.pool.DruidDataSource.init(DruidDataSource.java:602)
	at com.alibaba.druid.pool.DruidDataSource.getConnection(DruidDataSource.java:876)
	at com.alibaba.druid.pool.DruidDataSource.getConnection(DruidDataSource.java:872)
	at com.alibaba.druid.pool.DruidDataSource.getConnection(DruidDataSource.java:97)
	at org.apache.ibatis.mapping.VendorDatabaseIdProvider.getDatabaseProductName(VendorDatabaseIdProvider.java:76)
	at org.apache.ibatis.mapping.VendorDatabaseIdProvider.getDatabaseName(VendorDatabaseIdProvider.java:61)
	at org.apache.ibatis.mapping.VendorDatabaseIdProvider.getDatabaseId(VendorDatabaseIdProvider.java:49)
	at org.mybatis.spring.SqlSessionFactoryBean.buildSqlSessionFactory(SqlSessionFactoryBean.java:445)
	at org.mybatis.spring.SqlSessionFactoryBean.afterPropertiesSet(SqlSessionFactoryBean.java:336)
	at org.springframework.beans.factory.support.AbstractAutowireCapableBeanFactory.invokeInitMethods(AbstractAutowireCapableBeanFactory.java:1547)
	at org.springframework.beans.factory.support.AbstractAutowireCapableBeanFactory.initializeBean(AbstractAutowireCapableBeanFactory.java:1485)
	at org.springframework.beans.factory.support.AbstractAutowireCapableBeanFactory.doCreateBean(AbstractAutowireCapableBeanFactory.java:524)
	at org.springframework.beans.factory.support.AbstractAutowireCapableBeanFactory.createBean(AbstractAutowireCapableBeanFactory.java:461)
	at org.springframework.beans.factory.support.AbstractBeanFactory$1.getObject(AbstractBeanFactory.java:295)
	at org.springframework.beans.factory.support.DefaultSingletonBeanRegistry.getSingleton(DefaultSingletonBeanRegistry.java:223)
	at org.springframework.beans.factory.support.AbstractBeanFactory.doGetBean(AbstractBeanFactory.java:292)
	at org.springframework.beans.factory.support.AbstractBeanFactory.getBean(AbstractBeanFactory.java:194)
	at org.springframework.beans.factory.support.BeanDefinitionValueResolver.resolveReference(BeanDefinitionValueResolver.java:323)
	at org.springframework.beans.factory.support.BeanDefinitionValueResolver.resolveValueIfNecessary(BeanDefinitionValueResolver.java:107)
	at org.springframework.beans.factory.support.AbstractAutowireCapableBeanFactory.applyPropertyValues(AbstractAutowireCapableBeanFactory.java:1393)
	at org.springframework.beans.factory.support.AbstractAutowireCapableBeanFactory.populateBean(AbstractAutowireCapableBeanFactory.java:1134)
	at org.springframework.beans.factory.support.AbstractAutowireCapableBeanFactory.doCreateBean(AbstractAutowireCapableBeanFactory.java:522)
	at org.springframework.beans.factory.support.AbstractAutowireCapableBeanFactory.createBean(AbstractAutowireCapableBeanFactory.java:461)
	at org.springframework.beans.factory.support.AbstractBeanFactory$1.getObject(AbstractBeanFactory.java:295)
	at org.springframework.beans.factory.support.DefaultSingletonBeanRegistry.getSingleton(DefaultSingletonBeanRegistry.java:223)
	at org.springframework.beans.factory.support.AbstractBeanFactory.doGetBean(AbstractBeanFactory.java:292)
	at org.springframework.beans.factory.support.AbstractBeanFactory.getTypeForFactoryBean(AbstractBeanFactory.java:1362)
	at org.springframework.beans.factory.support.AbstractAutowireCapableBeanFactory.getTypeForFactoryBean(AbstractAutowireCapableBeanFactory.java:726)
	at org.springframework.beans.factory.support.AbstractBeanFactory.isTypeMatch(AbstractBeanFactory.java:523)
	at org.springframework.beans.factory.support.DefaultListableBeanFactory.doGetBeanNamesForType(DefaultListableBeanFactory.java:357)
	at org.springframework.beans.factory.support.DefaultListableBeanFactory.getBeanNamesForType(DefaultListableBeanFactory.java:327)
	at org.springframework.beans.factory.BeanFactoryUtils.beanNamesForTypeIncludingAncestors(BeanFactoryUtils.java:187)
	at org.springframework.beans.factory.support.DefaultListableBeanFactory.findAutowireCandidates(DefaultListableBeanFactory.java:895)
	at org.springframework.beans.factory.support.DefaultListableBeanFactory.doResolveDependency(DefaultListableBeanFactory.java:853)
	at org.springframework.beans.factory.support.DefaultListableBeanFactory.resolveDependency(DefaultListableBeanFactory.java:768)
	at org.springframework.beans.factory.annotation.AutowiredAnnotationBeanPostProcessor$AutowiredFieldElement.inject(AutowiredAnnotationBeanPostProcessor.java:486)
	at org.springframework.beans.factory.annotation.InjectionMetadata.inject(InjectionMetadata.java:87)
	at org.springframework.beans.factory.annotation.AutowiredAnnotationBeanPostProcessor.postProcessPropertyValues(AutowiredAnnotationBeanPostProcessor.java:285)
	at org.springframework.beans.factory.support.AbstractAutowireCapableBeanFactory.populateBean(AbstractAutowireCapableBeanFactory.java:1122)
	at org.springframework.beans.factory.support.AbstractAutowireCapableBeanFactory.doCreateBean(AbstractAutowireCapableBeanFactory.java:522)
	at org.springframework.beans.factory.support.AbstractAutowireCapableBeanFactory.createBean(AbstractAutowireCapableBeanFactory.java:461)
	at org.springframework.beans.factory.support.AbstractBeanFactory$1.getObject(AbstractBeanFactory.java:295)
	at org.springframework.beans.factory.support.DefaultSingletonBeanRegistry.getSingleton(DefaultSingletonBeanRegistry.java:223)
	at org.springframework.beans.factory.support.AbstractBeanFactory.doGetBean(AbstractBeanFactory.java:292)
	at org.springframework.beans.factory.support.AbstractBeanFactory.getBean(AbstractBeanFactory.java:194)
	at org.springframework.beans.factory.support.AbstractBeanFactory.doGetBean(AbstractBeanFactory.java:285)
	at org.springframework.beans.factory.support.AbstractBeanFactory.getBean(AbstractBeanFactory.java:198)
	at org.springframework.context.support.AbstractApplicationContext.registerBeanPostProcessors(AbstractApplicationContext.java:753)
	at org.springframework.context.support.AbstractApplicationContext.refresh(AbstractApplicationContext.java:464)
	at org.springframework.web.context.ContextLoader.configureAndRefreshWebApplicationContext(ContextLoader.java:389)
	at org.springframework.web.context.ContextLoader.initWebApplicationContext(ContextLoader.java:294)
	at org.springframework.web.context.ContextLoaderListener.contextInitialized(ContextLoaderListener.java:112)
	at org.apache.catalina.core.StandardContext.listenerStart(StandardContext.java:4135)
	at org.apache.catalina.core.StandardContext.start(StandardContext.java:4630)
	at org.apache.catalina.core.ContainerBase.start(ContainerBase.java:1045)
	at org.apache.catalina.core.StandardHost.start(StandardHost.java:785)
	at org.apache.catalina.core.ContainerBase.start(ContainerBase.java:1045)
	at org.apache.catalina.core.StandardEngine.start(StandardEngine.java:445)
	at org.apache.catalina.startup.Embedded.start(Embedded.java:825)
	at org.codehaus.mojo.tomcat.AbstractRunMojo.startContainer(AbstractRunMojo.java:558)
	at org.codehaus.mojo.tomcat.AbstractRunMojo.execute(AbstractRunMojo.java:255)
	at org.apache.maven.plugin.DefaultBuildPluginManager.executeMojo(DefaultBuildPluginManager.java:101)
	at org.apache.maven.lifecycle.internal.MojoExecutor.execute(MojoExecutor.java:209)
	at org.apache.maven.lifecycle.internal.MojoExecutor.execute(MojoExecutor.java:153)
	at org.apache.maven.lifecycle.internal.MojoExecutor.execute(MojoExecutor.java:145)
	at org.apache.maven.lifecycle.internal.LifecycleModuleBuilder.buildProject(LifecycleModuleBuilder.java:84)
	at org.apache.maven.lifecycle.internal.LifecycleModuleBuilder.buildProject(LifecycleModuleBuilder.java:59)
	at org.apache.maven.lifecycle.internal.LifecycleStarter.singleThreadedBuild(LifecycleStarter.java:183)
	at org.apache.maven.lifecycle.internal.LifecycleStarter.execute(LifecycleStarter.java:161)
	at org.apache.maven.DefaultMaven.doExecute(DefaultMaven.java:320)
	at org.apache.maven.DefaultMaven.execute(DefaultMaven.java:156)
	at org.apache.maven.cli.MavenCli.execute(MavenCli.java:537)
	at org.apache.maven.cli.MavenCli.doMain(MavenCli.java:196)
	at org.apache.maven.cli.MavenCli.main(MavenCli.java:141)
	at sun.reflect.NativeMethodAccessorImpl.invoke0(Native Method)
	at sun.reflect.NativeMethodAccessorImpl.invoke(NativeMethodAccessorImpl.java:39)
	at sun.reflect.DelegatingMethodAccessorImpl.invoke(DelegatingMethodAccessorImpl.java:25)
	at java.lang.reflect.Method.invoke(Method.java:597)
	at org.codehaus.plexus.classworlds.launcher.Launcher.launchEnhanced(Launcher.java:290)
	at org.codehaus.plexus.classworlds.launcher.Launcher.launch(Launcher.java:230)
	at org.codehaus.plexus.classworlds.launcher.Launcher.mainWithExitCode(Launcher.java:409)
	at org.codehaus.plexus.classworlds.launcher.Launcher.main(Launcher.java:352)
2021-04-08 11:18:20,612 [main] INFO  [com.alibaba.druid.pool.DruidDataSource] - {dataSource-2} inited
2021-04-08 11:19:05,697 [Thread-11] INFO  [com.alibaba.druid.pool.DruidDataSource] - {dataSource-2} closed
2021-04-08 11:19:05,697 [Thread-11] INFO  [com.alibaba.druid.pool.DruidDataSource] - {dataSource-1} closed
